<annotation verified="yes">
	<folder>test</folder>
	<filename>test-6.jpg</filename>
	<path>/home/edgardo/Projects/school/ia/object-detector/data/dataset/pos/test/test-6.jpg</path>
	<source>
		<database>Unknown</database>
	</source>
	<size>
		<width>1280</width>
		<height>720</height>
		<depth>3</depth>
	</size>
	<segmented>0</segmented>
	<object>
		<name>naranja</name>
		<pose>Unspecified</pose>
		<truncated>0</truncated>
		<difficult>0</difficult>
		<bndbox>
			<xmin>313</xmin>
			<ymin>131</ymin>
			<xmax>493</xmax>
			<ymax>350</ymax>
		</bndbox>
	</object>
	<object>
		<name>rojo</name>
		<pose>Unspecified</pose>
		<truncated>0</truncated>
		<difficult>0</difficult>
		<bndbox>
			<xmin>554</xmin>
			<ymin>99</ymin>
			<xmax>734</xmax>
			<ymax>317</ymax>
		</bndbox>
	</object>
	<object>
		<name>verde</name>
		<pose>Unspecified</pose>
		<truncated>0</truncated>
		<difficult>0</difficult>
		<bndbox>
			<xmin>568</xmin>
			<ymin>364</ymin>
			<xmax>742</xmax>
			<ymax>592</ymax>
		</bndbox>
	</object>
	<object>
		<name>amarillo</name>
		<pose>Unspecified</pose>
		<truncated>0</truncated>
		<difficult>0</difficult>
		<bndbox>
			<xmin>324</xmin>
			<ymin>388</ymin>
			<xmax>503</xmax>
			<ymax>623</ymax>
		</bndbox>
	</object>
</annotation>
