<annotation verified="yes">
	<folder>test</folder>
	<filename>test-7.jpg</filename>
	<path>/home/edgardo/Projects/school/ia/object-detector/data/dataset/pos/test/test-7.jpg</path>
	<source>
		<database>Unknown</database>
	</source>
	<size>
		<width>500</width>
		<height>500</height>
		<depth>3</depth>
	</size>
	<segmented>0</segmented>
	<object>
		<name>verde</name>
		<pose>Unspecified</pose>
		<truncated>0</truncated>
		<difficult>0</difficult>
		<bndbox>
			<xmin>146</xmin>
			<ymin>14</ymin>
			<xmax>200</xmax>
			<ymax>90</ymax>
		</bndbox>
	</object>
	<object>
		<name>naranja</name>
		<pose>Unspecified</pose>
		<truncated>0</truncated>
		<difficult>0</difficult>
		<bndbox>
			<xmin>429</xmin>
			<ymin>265</ymin>
			<xmax>490</xmax>
			<ymax>315</ymax>
		</bndbox>
	</object>
	<object>
		<name>amarillo</name>
		<pose>Unspecified</pose>
		<truncated>0</truncated>
		<difficult>0</difficult>
		<bndbox>
			<xmin>313</xmin>
			<ymin>403</ymin>
			<xmax>366</xmax>
			<ymax>470</ymax>
		</bndbox>
	</object>
	<object>
		<name>rojo</name>
		<pose>Unspecified</pose>
		<truncated>0</truncated>
		<difficult>0</difficult>
		<bndbox>
			<xmin>11</xmin>
			<ymin>204</ymin>
			<xmax>84</xmax>
			<ymax>254</ymax>
		</bndbox>
	</object>
</annotation>
