<annotation verified="yes">
	<folder>test</folder>
	<filename>test-5.jpg</filename>
	<path>/home/edgardo/Projects/school/ia/object-detector/data/dataset/pos/test/test-5.jpg</path>
	<source>
		<database>Unknown</database>
	</source>
	<size>
		<width>500</width>
		<height>500</height>
		<depth>3</depth>
	</size>
	<segmented>0</segmented>
	<object>
		<name>verde</name>
		<pose>Unspecified</pose>
		<truncated>0</truncated>
		<difficult>0</difficult>
		<bndbox>
			<xmin>124</xmin>
			<ymin>44</ymin>
			<xmax>177</xmax>
			<ymax>115</ymax>
		</bndbox>
	</object>
	<object>
		<name>naranja</name>
		<pose>Unspecified</pose>
		<truncated>0</truncated>
		<difficult>0</difficult>
		<bndbox>
			<xmin>399</xmin>
			<ymin>156</ymin>
			<xmax>468</xmax>
			<ymax>209</ymax>
		</bndbox>
	</object>
	<object>
		<name>rojo</name>
		<pose>Unspecified</pose>
		<truncated>1</truncated>
		<difficult>0</difficult>
		<bndbox>
			<xmin>299</xmin>
			<ymin>445</ymin>
			<xmax>354</xmax>
			<ymax>500</ymax>
		</bndbox>
	</object>
	<object>
		<name>amarillo</name>
		<pose>Unspecified</pose>
		<truncated>0</truncated>
		<difficult>0</difficult>
		<bndbox>
			<xmin>2</xmin>
			<ymin>315</ymin>
			<xmax>66</xmax>
			<ymax>370</ymax>
		</bndbox>
	</object>
</annotation>
