<annotation verified="yes">
	<folder>test</folder>
	<filename>test-3.jpg</filename>
	<path>/home/edgardo/Projects/school/ia/object-detector/data/dataset/pos/test/test-3.jpg</path>
	<source>
		<database>Unknown</database>
	</source>
	<size>
		<width>1280</width>
		<height>720</height>
		<depth>3</depth>
	</size>
	<segmented>0</segmented>
	<object>
		<name>rojo</name>
		<pose>Unspecified</pose>
		<truncated>0</truncated>
		<difficult>0</difficult>
		<bndbox>
			<xmin>240</xmin>
			<ymin>105</ymin>
			<xmax>513</xmax>
			<ymax>319</ymax>
		</bndbox>
	</object>
	<object>
		<name>verde</name>
		<pose>Unspecified</pose>
		<truncated>0</truncated>
		<difficult>0</difficult>
		<bndbox>
			<xmin>562</xmin>
			<ymin>97</ymin>
			<xmax>852</xmax>
			<ymax>305</ymax>
		</bndbox>
	</object>
	<object>
		<name>naranja</name>
		<pose>Unspecified</pose>
		<truncated>0</truncated>
		<difficult>0</difficult>
		<bndbox>
			<xmin>272</xmin>
			<ymin>401</ymin>
			<xmax>550</xmax>
			<ymax>609</ymax>
		</bndbox>
	</object>
	<object>
		<name>amarillo</name>
		<pose>Unspecified</pose>
		<truncated>0</truncated>
		<difficult>0</difficult>
		<bndbox>
			<xmin>587</xmin>
			<ymin>382</ymin>
			<xmax>875</xmax>
			<ymax>601</ymax>
		</bndbox>
	</object>
</annotation>
