<annotation verified="yes">
	<folder>test</folder>
	<filename>test-12.jpg</filename>
	<path>/home/edgardo/Projects/school/ia/object-detector/data/dataset/pos/test/test-12.jpg</path>
	<source>
		<database>Unknown</database>
	</source>
	<size>
		<width>500</width>
		<height>500</height>
		<depth>3</depth>
	</size>
	<segmented>0</segmented>
	<object>
		<name>rojo</name>
		<pose>Unspecified</pose>
		<truncated>0</truncated>
		<difficult>0</difficult>
		<bndbox>
			<xmin>139</xmin>
			<ymin>166</ymin>
			<xmax>200</xmax>
			<ymax>236</ymax>
		</bndbox>
	</object>
	<object>
		<name>verde</name>
		<pose>Unspecified</pose>
		<truncated>0</truncated>
		<difficult>0</difficult>
		<bndbox>
			<xmin>280</xmin>
			<ymin>108</ymin>
			<xmax>336</xmax>
			<ymax>180</ymax>
		</bndbox>
	</object>
	<object>
		<name>amarillo</name>
		<pose>Unspecified</pose>
		<truncated>0</truncated>
		<difficult>0</difficult>
		<bndbox>
			<xmin>293</xmin>
			<ymin>300</ymin>
			<xmax>363</xmax>
			<ymax>357</ymax>
		</bndbox>
	</object>
	<object>
		<name>naranja</name>
		<pose>Unspecified</pose>
		<truncated>0</truncated>
		<difficult>0</difficult>
		<bndbox>
			<xmin>154</xmin>
			<ymin>301</ymin>
			<xmax>226</xmax>
			<ymax>360</ymax>
		</bndbox>
	</object>
</annotation>
